{
  "RSpec": {
    "coverage": {
      "/Users/Jaiye/Documents/Sites/Ruby/precourse/Projects/oystercard_jaiye_tim/spec/journey_spec.rb": [
        1,
        null,
        1,
        5,
        3,
        null,
        1,
        1,
        null,
        null,
        1,
        1,
        null,
        null,
        1,
        1,
        1,
        1,
        null,
        null,
        1,
        1,
        1,
        1,
        null,
        null
      ],
      "/Users/Jaiye/Documents/Sites/Ruby/precourse/Projects/oystercard_jaiye_tim/lib/journey.rb": [
        1,
        1,
        null,
        1,
        44,
        44,
        null,
        null,
        1,
        37,
        37,
        null,
        null
      ],
      "/Users/Jaiye/Documents/Sites/Ruby/precourse/Projects/oystercard_jaiye_tim/spec/journeylog_spec.rb": [
        1,
        null,
        1,
        null,
        3,
        3,
        null,
        1,
        null,
        1,
        null,
        null,
        1,
        1,
        1,
        null,
        null,
        null,
        null,
        1,
        null,
        1,
        null,
        null,
        1,
        1,
        4,
        1,
        null,
        null,
        null,
        null,
        null
      ],
      "/Users/Jaiye/Documents/Sites/Ruby/precourse/Projects/oystercard_jaiye_tim/lib/journey_log.rb": [
        1,
        null,
        1,
        null,
        1,
        16,
        null,
        null,
        1,
        39,
        null,
        null,
        1,
        40,
        null,
        null,
        null
      ],
      "/Users/Jaiye/Documents/Sites/Ruby/precourse/Projects/oystercard_jaiye_tim/spec/oystercard_spec.rb": [
        1,
        null,
        1,
        null,
        15,
        11,
        9,
        5,
        null,
        1,
        null,
        1,
        1,
        null,
        null,
        null,
        null,
        1,
        1,
        1,
        1,
        null,
        null,
        1,
        null,
        1,
        1,
        2,
        null,
        null,
        1,
        1,
        1,
        1,
        2,
        null,
        null,
        null,
        null,
        1,
        null,
        1,
        2,
        2,
        null,
        null,
        1,
        1,
        null,
        null,
        1,
        1,
        1,
        1,
        null,
        null,
        null,
        null,
        1,
        null,
        1,
        4,
        4,
        4,
        null,
        null,
        1,
        1,
        1,
        null,
        null,
        1,
        1,
        null,
        null,
        1,
        31,
        1,
        2,
        null,
        null,
        1,
        1,
        4,
        null,
        null,
        null,
        1,
        null,
        1,
        4,
        4,
        4,
        null,
        null,
        4,
        4,
        null,
        null,
        1,
        1,
        1,
        null,
        null,
        1,
        4,
        null,
        null,
        1,
        1,
        1,
        null,
        null,
        1,
        1,
        4,
        null,
        null,
        null,
        null
      ],
      "/Users/Jaiye/Documents/Sites/Ruby/precourse/Projects/oystercard_jaiye_tim/lib/oystercard.rb": [
        1,
        1,
        null,
        null,
        null,
        1,
        1,
        null,
        1,
        1,
        1,
        null,
        1,
        14,
        14,
        14,
        null,
        null,
        1,
        16,
        14,
        null,
        null,
        1,
        117,
        null,
        null,
        1,
        40,
        40,
        39,
        null,
        null,
        1,
        35,
        35,
        35,
        null,
        null,
        1,
        null,
        1,
        16,
        null,
        null,
        1,
        35,
        35,
        35,
        null,
        null,
        1,
        40,
        null,
        null,
        1,
        37,
        null,
        null,
        1,
        1,
        1,
        null,
        null,
        1,
        1,
        1,
        null,
        null,
        1,
        37,
        null,
        null,
        null
      ],
      "/Users/Jaiye/Documents/Sites/Ruby/precourse/Projects/oystercard_jaiye_tim/lib/station.rb": [
        1,
        1,
        null,
        1,
        4,
        4,
        null,
        null
      ],
      "/Users/Jaiye/Documents/Sites/Ruby/precourse/Projects/oystercard_jaiye_tim/spec/station_spec.rb": [
        1,
        null,
        1,
        5,
        null,
        2,
        2,
        null,
        1,
        1,
        null,
        null,
        1,
        1,
        null,
        null
      ]
    },
    "timestamp": 1492757790
  }
}
